[
    [
        0,
        1.0,
        0.39011873616421816,
        0.6950593680821091
    ],
    [
        1,
        1.0,
        0.45220366270879453,
        0.7261018313543972
    ],
    [
        2,
        1.0,
        0.5100623867981485,
        0.7550311933990743
    ],
    [
        3,
        1.0,
        0.5720466894747435,
        0.7860233447373717
    ],
    [
        4,
        1.0,
        0.6255785872408935,
        0.8127892936204468
    ],
    [
        5,
        1.0,
        0.6629100422620245,
        0.8314550211310123
    ],
    [
        6,
        1.0,
        0.6807204668947474,
        0.8403602334473737
    ],
    [
        7,
        1.0,
        0.6931978265244516,
        0.8465989132622258
    ],
    [
        8,
        1.0,
        0.7045683236063595,
        0.8522841618031798
    ],
    [
        9,
        1.0,
        0.7117126182330449,
        0.8558563091165224
    ]
]